           _                 _    
  __ _  __| |_ __ __ _ _ __ | |_  
 / _` |/ _` | '__/ _` | '_ \| __| 
| (_| | (_| | | | (_| | | | | |_  
 \__, |\__,_|_|  \__,_|_| |_|\__| 
    |_|                           

Version: 1.11.4, build: d8b6e4a0
Access web UI at http://localhost:6333/dashboard

2024-09-23T18:22:29.856682Z  INFO storage::content_manager::consensus::persistent: Loading raft state from ./storage/raft_state.json    
2024-09-23T18:22:29.859564Z DEBUG storage::content_manager::consensus::persistent: State: Persistent { state: RaftState { hard_state: HardState { term: 0, vote: 0, commit: 0 }, conf_state: ConfState { voters: [6884560769612227], learners: [], voters_outgoing: [], learners_next: [], auto_leave: false } }, latest_snapshot_meta: SnapshotMetadataSer { term: 0, index: 0 }, apply_progress_queue: EntryApplyProgressQueue(None), peer_address_by_id: RwLock { data: {} }, peer_metadata_by_id: RwLock { data: {} }, cluster_metadata: {}, this_peer_id: 6884560769612227, path: "./storage/raft_state.json", dirty: false }    
2024-09-23T18:22:29.885622Z  INFO storage::content_manager::toc: Loading collection: default    
2024-09-23T18:22:29.973069Z  INFO collection::shards::local_shard: Recovering collection default: 0/1 (0%)    
2024-09-23T18:22:30.006305Z  INFO collection::shards::local_shard: Recovered collection default: 1/1 (100%)    
2024-09-23T18:22:30.013359Z DEBUG qdrant: Loaded collection: default    
2024-09-23T18:22:30.013377Z  INFO qdrant: Distributed mode disabled    
2024-09-23T18:22:30.013767Z  INFO qdrant: Telemetry reporting disabled    
2024-09-23T18:22:30.014292Z DEBUG qdrant: Waiting for thread web to finish    
2024-09-23T18:22:30.016109Z  WARN qdrant::actix::web_ui: Static content folder for Web UI './static' does not exist    
2024-09-23T18:22:30.016401Z  INFO qdrant::actix: TLS disabled for REST API    
2024-09-23T18:22:30.016856Z  INFO qdrant::actix: Qdrant HTTP listening on 6333    
2024-09-23T18:22:30.017240Z  INFO actix_server::builder: Starting 11 workers
2024-09-23T18:22:30.017251Z  INFO actix_server::server: Actix runtime found; starting in Actix runtime
2024-09-23T18:22:30.018699Z  INFO qdrant::tonic: Qdrant gRPC listening on 6334    
2024-09-23T18:22:30.018715Z  INFO qdrant::tonic: TLS disabled for gRPC API    
2024-09-23T18:22:39.830713Z  INFO storage::content_manager::toc::collection_meta_ops: Deleting collection default    
2024-09-23T18:22:39.832311Z DEBUG collection::update_handler: Stopping flush worker.    
2024-09-23T18:22:39.838342Z  INFO actix_web::middleware::logger: 127.0.0.1 "DELETE /collections/default HTTP/1.1" 200 48 "-" "curl/7.81.0" 0.010011    
2024-09-23T18:23:10.445963Z DEBUG storage::content_manager::snapshots::recover: Downloading snapshot from file:///home/san/gaianet/qdrant/snapshots/default/default.snapshot to /home/san/gaianet/qdrant/./snapshots/tmp/download-6Yp4yr    
2024-09-23T18:23:10.446000Z DEBUG storage::content_manager::snapshots::recover: Snapshot downloaded to /home/san/gaianet/qdrant/snapshots/default/default.snapshot    
2024-09-23T18:23:10.446899Z DEBUG storage::content_manager::snapshots::recover: Recovering collection default from snapshot /home/san/gaianet/qdrant/snapshots/default/default.snapshot    
2024-09-23T18:23:10.446909Z DEBUG storage::content_manager::snapshots::recover: Unpacking snapshot to /home/san/gaianet/qdrant/./storage/tmp/col-default-recovery-NzsLzW    
2024-09-23T18:23:11.473703Z DEBUG storage::content_manager::snapshots::recover: Collection default does not exist, creating it    
2024-09-23T18:23:11.474049Z  INFO storage::content_manager::toc::collection_meta_ops: Creating collection default    
2024-09-23T18:23:11.681860Z DEBUG collection::collection: Changing shard default:0 replica state from Some(Initializing) to Active    
2024-09-23T18:23:11.681882Z DEBUG collection::shards::replica_set: Changing local shard default:0 state from Some(Initializing) to Active    
2024-09-23T18:23:11.685583Z DEBUG storage::content_manager::snapshots::recover: Recovering shard 0 from /home/san/gaianet/qdrant/./storage/tmp/col-default-recovery-NzsLzW/0    
2024-09-23T18:23:11.686315Z DEBUG collection::update_handler: Stopping flush worker.    
2024-09-23T18:23:11.843261Z  INFO collection::shards::local_shard: Recovering collection default: 0/20 (0%)    
2024-09-23T18:23:11.897213Z  INFO collection::shards::local_shard: Recovered collection default: 20/20 (100%)    
2024-09-23T18:23:11.898554Z DEBUG storage::content_manager::snapshots::recover: Activating shard 0 of collection default locally    
2024-09-23T18:23:11.898574Z DEBUG collection::collection: Changing shard default:0 replica state from Some(Active) to Active    
2024-09-23T18:23:11.898582Z DEBUG collection::shards::replica_set: Changing local shard default:0 state from Some(Active) to Active    
2024-09-23T18:23:11.902350Z  INFO actix_web::middleware::logger: 127.0.0.1 "POST /collections/default/snapshots/upload?priority=snapshot HTTP/1.1" 200 48 "-" "curl/7.81.0" 3.008157    
